\BOOKMARK [0][-]{chapter.1}{\376\377\0001\000\040\000S\000c\000h\000e\000d\000u\000l\000e\000\040\000M\000a\000n\000a\000g\000e\000m\000e\000n\000t\000\040\000S\000y\000s\000t\000e\000m}{}% 1
\BOOKMARK [0][-]{chapter.2}{\376\377\0002\000\040\000H\000i\000e\000r\000a\000r\000c\000h\000i\000c\000a\000l\000\040\000I\000n\000d\000e\000x}{}% 2
\BOOKMARK [1][-]{section.2.1}{\376\377\0002\000.\0001\000\040\000C\000l\000a\000s\000s\000\040\000H\000i\000e\000r\000a\000r\000c\000h\000y}{chapter.2}% 3
\BOOKMARK [0][-]{chapter.3}{\376\377\0003\000\040\000C\000l\000a\000s\000s\000\040\000I\000n\000d\000e\000x}{}% 4
\BOOKMARK [1][-]{section.3.1}{\376\377\0003\000.\0001\000\040\000C\000l\000a\000s\000s\000\040\000L\000i\000s\000t}{chapter.3}% 5
\BOOKMARK [0][-]{chapter.4}{\376\377\0004\000\040\000F\000i\000l\000e\000\040\000I\000n\000d\000e\000x}{}% 6
\BOOKMARK [1][-]{section.4.1}{\376\377\0004\000.\0001\000\040\000F\000i\000l\000e\000\040\000L\000i\000s\000t}{chapter.4}% 7
\BOOKMARK [0][-]{chapter.5}{\376\377\0005\000\040\000C\000l\000a\000s\000s\000\040\000D\000o\000c\000u\000m\000e\000n\000t\000a\000t\000i\000o\000n}{}% 8
\BOOKMARK [1][-]{section.5.1}{\376\377\0005\000.\0001\000\040\000A\000d\000d\000R\000e\000q\000u\000e\000s\000t\000\040\000C\000l\000a\000s\000s\000\040\000R\000e\000f\000e\000r\000e\000n\000c\000e}{chapter.5}% 9
\BOOKMARK [2][-]{subsection.5.1.1}{\376\377\0005\000.\0001\000.\0001\000\040\000D\000e\000t\000a\000i\000l\000e\000d\000\040\000D\000e\000s\000c\000r\000i\000p\000t\000i\000o\000n}{section.5.1}% 10
\BOOKMARK [2][-]{subsection.5.1.2}{\376\377\0005\000.\0001\000.\0002\000\040\000C\000o\000n\000s\000t\000r\000u\000c\000t\000o\000r\000\040\000\046\000\040\000D\000e\000s\000t\000r\000u\000c\000t\000o\000r\000\040\000D\000o\000c\000u\000m\000e\000n\000t\000a\000t\000i\000o\000n}{section.5.1}% 11
\BOOKMARK [3][-]{subsubsection.5.1.2.1}{\376\377\0005\000.\0001\000.\0002\000.\0001\000\040\000A\000d\000d\000R\000e\000q\000u\000e\000s\000t\000\050\000\051}{subsection.5.1.2}% 12
\BOOKMARK [2][-]{subsection.5.1.3}{\376\377\0005\000.\0001\000.\0003\000\040\000M\000e\000m\000b\000e\000r\000\040\000F\000u\000n\000c\000t\000i\000o\000n\000\040\000D\000o\000c\000u\000m\000e\000n\000t\000a\000t\000i\000o\000n}{section.5.1}% 13
\BOOKMARK [3][-]{subsubsection.5.1.3.1}{\376\377\0005\000.\0001\000.\0003\000.\0001\000\040\000g\000e\000t\000C\000l\000a\000s\000s\000C\000o\000d\000e\000\050\000\051}{subsection.5.1.3}% 14
\BOOKMARK [3][-]{subsubsection.5.1.3.2}{\376\377\0005\000.\0001\000.\0003\000.\0002\000\040\000g\000e\000t\000S\000t\000u\000d\000e\000n\000t\000I\000D\000\050\000\051}{subsection.5.1.3}% 15
\BOOKMARK [3][-]{subsubsection.5.1.3.3}{\376\377\0005\000.\0001\000.\0003\000.\0003\000\040\000g\000e\000t\000U\000C\000C\000o\000d\000e\000\050\000\051}{subsection.5.1.3}% 16
\BOOKMARK [3][-]{subsubsection.5.1.3.4}{\376\377\0005\000.\0001\000.\0003\000.\0004\000\040\000s\000e\000t\000C\000l\000a\000s\000s\000C\000o\000d\000e\000\050\000\051}{subsection.5.1.3}% 17
\BOOKMARK [3][-]{subsubsection.5.1.3.5}{\376\377\0005\000.\0001\000.\0003\000.\0005\000\040\000s\000e\000t\000S\000t\000u\000d\000e\000n\000t\000I\000D\000\050\000\051}{subsection.5.1.3}% 18
\BOOKMARK [3][-]{subsubsection.5.1.3.6}{\376\377\0005\000.\0001\000.\0003\000.\0006\000\040\000s\000e\000t\000U\000C\000C\000o\000d\000e\000\050\000\051}{subsection.5.1.3}% 19
\BOOKMARK [1][-]{section.5.2}{\376\377\0005\000.\0002\000\040\000C\000o\000n\000t\000r\000o\000l\000U\000n\000i\000t\000\040\000C\000l\000a\000s\000s\000\040\000R\000e\000f\000e\000r\000e\000n\000c\000e}{chapter.5}% 20
\BOOKMARK [2][-]{subsection.5.2.1}{\376\377\0005\000.\0002\000.\0001\000\040\000D\000e\000t\000a\000i\000l\000e\000d\000\040\000D\000e\000s\000c\000r\000i\000p\000t\000i\000o\000n}{section.5.2}% 21
\BOOKMARK [2][-]{subsection.5.2.2}{\376\377\0005\000.\0002\000.\0002\000\040\000M\000e\000m\000b\000e\000r\000\040\000F\000u\000n\000c\000t\000i\000o\000n\000\040\000D\000o\000c\000u\000m\000e\000n\000t\000a\000t\000i\000o\000n}{section.5.2}% 22
\BOOKMARK [3][-]{subsubsection.5.2.2.1}{\376\377\0005\000.\0002\000.\0002\000.\0001\000\040\000C\000h\000e\000c\000k\000A\000d\000d\000\050\000\051}{subsection.5.2.2}% 23
\BOOKMARK [3][-]{subsubsection.5.2.2.2}{\376\377\0005\000.\0002\000.\0002\000.\0002\000\040\000C\000h\000e\000c\000k\000R\000e\000m\000o\000v\000e\000\050\000\051}{subsection.5.2.2}% 24
\BOOKMARK [3][-]{subsubsection.5.2.2.3}{\376\377\0005\000.\0002\000.\0002\000.\0003\000\040\000C\000h\000e\000c\000k\000S\000w\000i\000t\000c\000h\000\050\000\051}{subsection.5.2.2}% 25
\BOOKMARK [3][-]{subsubsection.5.2.2.4}{\376\377\0005\000.\0002\000.\0002\000.\0004\000\040\000c\000l\000a\000s\000s\000S\000t\000u\000d\000e\000n\000t\000s\000\050\000\051}{subsection.5.2.2}% 26
\BOOKMARK [3][-]{subsubsection.5.2.2.5}{\376\377\0005\000.\0002\000.\0002\000.\0005\000\040\000c\000o\000u\000r\000s\000e\000S\000t\000u\000d\000e\000n\000t\000s\000\050\000\051}{subsection.5.2.2}% 27
\BOOKMARK [3][-]{subsubsection.5.2.2.6}{\376\377\0005\000.\0002\000.\0002\000.\0006\000\040\000g\000e\000t\000C\000l\000a\000s\000s\000I\000n\000U\000c\000\050\000\051}{subsection.5.2.2}% 28
\BOOKMARK [3][-]{subsubsection.5.2.2.7}{\376\377\0005\000.\0002\000.\0002\000.\0007\000\040\000I\000s\000T\000h\000e\000r\000e\000C\000o\000n\000f\000l\000i\000c\000t\000\050\000\051}{subsection.5.2.2}% 29
\BOOKMARK [3][-]{subsubsection.5.2.2.8}{\376\377\0005\000.\0002\000.\0002\000.\0008\000\040\000l\000o\000a\000d\000C\000S\000V\000\050\000\051}{subsection.5.2.2}% 30
\BOOKMARK [3][-]{subsubsection.5.2.2.9}{\376\377\0005\000.\0002\000.\0002\000.\0009\000\040\000N\000u\000m\000B\000a\000l\000a\000n\000c\000e\000d\000\050\000\051}{subsection.5.2.2}% 31
\BOOKMARK [3][-]{subsubsection.5.2.2.10}{\376\377\0005\000.\0002\000.\0002\000.\0001\0000\000\040\000p\000r\000o\000c\000e\000s\000s\000A\000d\000d\000R\000e\000q\000u\000e\000s\000t\000\050\000\051}{subsection.5.2.2}% 32
\BOOKMARK [3][-]{subsubsection.5.2.2.11}{\376\377\0005\000.\0002\000.\0002\000.\0001\0001\000\040\000p\000r\000o\000c\000e\000s\000s\000R\000e\000m\000o\000v\000e\000R\000e\000q\000u\000e\000s\000t\000\050\000\051}{subsection.5.2.2}% 33
\BOOKMARK [3][-]{subsubsection.5.2.2.12}{\376\377\0005\000.\0002\000.\0002\000.\0001\0002\000\040\000p\000r\000o\000c\000e\000s\000s\000R\000e\000q\000u\000e\000s\000t\000\050\000\051}{subsection.5.2.2}% 34
\BOOKMARK [3][-]{subsubsection.5.2.2.13}{\376\377\0005\000.\0002\000.\0002\000.\0001\0003\000\040\000p\000r\000o\000c\000e\000s\000s\000S\000w\000i\000t\000c\000h\000R\000e\000q\000u\000e\000s\000t\000\050\000\051}{subsection.5.2.2}% 35
\BOOKMARK [3][-]{subsubsection.5.2.2.14}{\376\377\0005\000.\0002\000.\0002\000.\0001\0004\000\040\000S\000t\000u\000d\000e\000n\000t\000s\000I\000n\000A\000t\000L\000e\000a\000s\000t\000N\000U\000c\000s\000\050\000\051}{subsection.5.2.2}% 36
\BOOKMARK [3][-]{subsubsection.5.2.2.15}{\376\377\0005\000.\0002\000.\0002\000.\0001\0005\000\040\000S\000t\000u\000d\000e\000n\000t\000s\000I\000n\000A\000t\000M\000o\000s\000t\000N\000U\000c\000s\000\050\000\051}{subsection.5.2.2}% 37
\BOOKMARK [3][-]{subsubsection.5.2.2.16}{\376\377\0005\000.\0002\000.\0002\000.\0001\0006\000\040\000S\000t\000u\000d\000e\000n\000t\000s\000I\000n\000U\000c\000s\000\050\000\051}{subsection.5.2.2}% 38
\BOOKMARK [3][-]{subsubsection.5.2.2.17}{\376\377\0005\000.\0002\000.\0002\000.\0001\0007\000\040\000u\000n\000d\000o\000R\000e\000q\000u\000e\000s\000t\000\050\000\051}{subsection.5.2.2}% 39
\BOOKMARK [3][-]{subsubsection.5.2.2.18}{\376\377\0005\000.\0002\000.\0002\000.\0001\0008\000\040\000y\000e\000a\000r\000S\000t\000u\000d\000e\000n\000t\000s\000\050\000\051}{subsection.5.2.2}% 40
\BOOKMARK [1][-]{section.5.3}{\376\377\0005\000.\0003\000\040\000l\000e\000s\000s\000o\000n\000\040\000C\000l\000a\000s\000s\000\040\000R\000e\000f\000e\000r\000e\000n\000c\000e}{chapter.5}% 41
\BOOKMARK [2][-]{subsection.5.3.1}{\376\377\0005\000.\0003\000.\0001\000\040\000D\000e\000t\000a\000i\000l\000e\000d\000\040\000D\000e\000s\000c\000r\000i\000p\000t\000i\000o\000n}{section.5.3}% 42
\BOOKMARK [2][-]{subsection.5.3.2}{\376\377\0005\000.\0003\000.\0002\000\040\000C\000o\000n\000s\000t\000r\000u\000c\000t\000o\000r\000\040\000\046\000\040\000D\000e\000s\000t\000r\000u\000c\000t\000o\000r\000\040\000D\000o\000c\000u\000m\000e\000n\000t\000a\000t\000i\000o\000n}{section.5.3}% 43
\BOOKMARK [3][-]{subsubsection.5.3.2.1}{\376\377\0005\000.\0003\000.\0002\000.\0001\000\040\000l\000e\000s\000s\000o\000n\000\050\000\051}{subsection.5.3.2}% 44
\BOOKMARK [2][-]{subsection.5.3.3}{\376\377\0005\000.\0003\000.\0003\000\040\000M\000e\000m\000b\000e\000r\000\040\000F\000u\000n\000c\000t\000i\000o\000n\000\040\000D\000o\000c\000u\000m\000e\000n\000t\000a\000t\000i\000o\000n}{section.5.3}% 45
\BOOKMARK [3][-]{subsubsection.5.3.3.1}{\376\377\0005\000.\0003\000.\0003\000.\0001\000\040\000g\000e\000t\000D\000u\000r\000a\000t\000i\000o\000n\000\050\000\051}{subsection.5.3.3}% 46
\BOOKMARK [3][-]{subsubsection.5.3.3.2}{\376\377\0005\000.\0003\000.\0003\000.\0002\000\040\000g\000e\000t\000E\000n\000d\000T\000i\000m\000e\000\050\000\051}{subsection.5.3.3}% 47
\BOOKMARK [3][-]{subsubsection.5.3.3.3}{\376\377\0005\000.\0003\000.\0003\000.\0003\000\040\000g\000e\000t\000S\000t\000a\000r\000t\000T\000i\000m\000e\000\050\000\051}{subsection.5.3.3}% 48
\BOOKMARK [3][-]{subsubsection.5.3.3.4}{\376\377\0005\000.\0003\000.\0003\000.\0004\000\040\000g\000e\000t\000T\000y\000p\000e\000\050\000\051}{subsection.5.3.3}% 49
\BOOKMARK [3][-]{subsubsection.5.3.3.5}{\376\377\0005\000.\0003\000.\0003\000.\0005\000\040\000g\000e\000t\000U\000c\000c\000o\000d\000e\000\050\000\051}{subsection.5.3.3}% 50
\BOOKMARK [3][-]{subsubsection.5.3.3.6}{\376\377\0005\000.\0003\000.\0003\000.\0006\000\040\000g\000e\000t\000W\000e\000e\000k\000d\000a\000y\000\050\000\051}{subsection.5.3.3}% 51
\BOOKMARK [1][-]{section.5.4}{\376\377\0005\000.\0004\000\040\000l\000e\000s\000s\000o\000n\000t\000i\000m\000e\000\040\000C\000l\000a\000s\000s\000\040\000R\000e\000f\000e\000r\000e\000n\000c\000e}{chapter.5}% 52
\BOOKMARK [2][-]{subsection.5.4.1}{\376\377\0005\000.\0004\000.\0001\000\040\000D\000e\000t\000a\000i\000l\000e\000d\000\040\000D\000e\000s\000c\000r\000i\000p\000t\000i\000o\000n}{section.5.4}% 53
\BOOKMARK [2][-]{subsection.5.4.2}{\376\377\0005\000.\0004\000.\0002\000\040\000C\000o\000n\000s\000t\000r\000u\000c\000t\000o\000r\000\040\000\046\000\040\000D\000e\000s\000t\000r\000u\000c\000t\000o\000r\000\040\000D\000o\000c\000u\000m\000e\000n\000t\000a\000t\000i\000o\000n}{section.5.4}% 54
\BOOKMARK [3][-]{subsubsection.5.4.2.1}{\376\377\0005\000.\0004\000.\0002\000.\0001\000\040\000l\000e\000s\000s\000o\000n\000t\000i\000m\000e\000\050\000\051\000\040\000[\0001\000/\0002\000]}{subsection.5.4.2}% 55
\BOOKMARK [3][-]{subsubsection.5.4.2.2}{\376\377\0005\000.\0004\000.\0002\000.\0002\000\040\000l\000e\000s\000s\000o\000n\000t\000i\000m\000e\000\050\000\051\000\040\000[\0002\000/\0002\000]}{subsection.5.4.2}% 56
\BOOKMARK [2][-]{subsection.5.4.3}{\376\377\0005\000.\0004\000.\0003\000\040\000M\000e\000m\000b\000e\000r\000\040\000F\000u\000n\000c\000t\000i\000o\000n\000\040\000D\000o\000c\000u\000m\000e\000n\000t\000a\000t\000i\000o\000n}{section.5.4}% 57
\BOOKMARK [3][-]{subsubsection.5.4.3.1}{\376\377\0005\000.\0004\000.\0003\000.\0001\000\040\000d\000i\000s\000p\000l\000a\000y\000H\000o\000u\000r\000F\000o\000r\000m\000a\000t\000\050\000\051}{subsection.5.4.3}% 58
\BOOKMARK [3][-]{subsubsection.5.4.3.2}{\376\377\0005\000.\0004\000.\0003\000.\0002\000\040\000g\000e\000t\000H\000o\000u\000r\000\050\000\051}{subsection.5.4.3}% 59
\BOOKMARK [3][-]{subsubsection.5.4.3.3}{\376\377\0005\000.\0004\000.\0003\000.\0003\000\040\000g\000e\000t\000M\000i\000n\000u\000t\000e\000\050\000\051}{subsection.5.4.3}% 60
\BOOKMARK [1][-]{section.5.5}{\376\377\0005\000.\0005\000\040\000M\000e\000n\000u\000\040\000C\000l\000a\000s\000s\000\040\000R\000e\000f\000e\000r\000e\000n\000c\000e}{chapter.5}% 61
\BOOKMARK [2][-]{subsection.5.5.1}{\376\377\0005\000.\0005\000.\0001\000\040\000D\000e\000t\000a\000i\000l\000e\000d\000\040\000D\000e\000s\000c\000r\000i\000p\000t\000i\000o\000n}{section.5.5}% 62
\BOOKMARK [2][-]{subsection.5.5.2}{\376\377\0005\000.\0005\000.\0002\000\040\000M\000e\000m\000b\000e\000r\000\040\000F\000u\000n\000c\000t\000i\000o\000n\000\040\000D\000o\000c\000u\000m\000e\000n\000t\000a\000t\000i\000o\000n}{section.5.5}% 63
\BOOKMARK [3][-]{subsubsection.5.5.2.1}{\376\377\0005\000.\0005\000.\0002\000.\0001\000\040\000o\000p\000t\000i\000o\000n\000S\000t\000u\000d\000e\000n\000t\000M\000e\000n\000u\000\050\000\051}{subsection.5.5.2}% 64
\BOOKMARK [3][-]{subsubsection.5.5.2.2}{\376\377\0005\000.\0005\000.\0002\000.\0002\000\040\000S\000e\000e\000S\000t\000u\000d\000e\000n\000t\000s\000I\000n\000C\000l\000a\000s\000s\000\050\000\051}{subsection.5.5.2}% 65
\BOOKMARK [3][-]{subsubsection.5.5.2.3}{\376\377\0005\000.\0005\000.\0002\000.\0003\000\040\000S\000e\000e\000S\000t\000u\000d\000e\000n\000t\000s\000I\000n\000U\000c\000\050\000\051}{subsection.5.5.2}% 66
\BOOKMARK [3][-]{subsubsection.5.5.2.4}{\376\377\0005\000.\0005\000.\0002\000.\0004\000\040\000S\000e\000e\000S\000t\000u\000d\000e\000n\000t\000s\000I\000n\000Y\000e\000a\000r\000\050\000\051}{subsection.5.5.2}% 67
\BOOKMARK [1][-]{section.5.6}{\376\377\0005\000.\0006\000\040\000R\000e\000m\000o\000v\000e\000R\000e\000q\000u\000e\000s\000t\000\040\000C\000l\000a\000s\000s\000\040\000R\000e\000f\000e\000r\000e\000n\000c\000e}{chapter.5}% 68
\BOOKMARK [2][-]{subsection.5.6.1}{\376\377\0005\000.\0006\000.\0001\000\040\000D\000e\000t\000a\000i\000l\000e\000d\000\040\000D\000e\000s\000c\000r\000i\000p\000t\000i\000o\000n}{section.5.6}% 69
\BOOKMARK [2][-]{subsection.5.6.2}{\376\377\0005\000.\0006\000.\0002\000\040\000C\000o\000n\000s\000t\000r\000u\000c\000t\000o\000r\000\040\000\046\000\040\000D\000e\000s\000t\000r\000u\000c\000t\000o\000r\000\040\000D\000o\000c\000u\000m\000e\000n\000t\000a\000t\000i\000o\000n}{section.5.6}% 70
\BOOKMARK [3][-]{subsubsection.5.6.2.1}{\376\377\0005\000.\0006\000.\0002\000.\0001\000\040\000R\000e\000m\000o\000v\000e\000R\000e\000q\000u\000e\000s\000t\000\050\000\051}{subsection.5.6.2}% 71
\BOOKMARK [2][-]{subsection.5.6.3}{\376\377\0005\000.\0006\000.\0003\000\040\000M\000e\000m\000b\000e\000r\000\040\000F\000u\000n\000c\000t\000i\000o\000n\000\040\000D\000o\000c\000u\000m\000e\000n\000t\000a\000t\000i\000o\000n}{section.5.6}% 72
\BOOKMARK [3][-]{subsubsection.5.6.3.1}{\376\377\0005\000.\0006\000.\0003\000.\0001\000\040\000g\000e\000t\000C\000l\000a\000s\000s\000C\000o\000d\000e\000\050\000\051}{subsection.5.6.3}% 73
\BOOKMARK [3][-]{subsubsection.5.6.3.2}{\376\377\0005\000.\0006\000.\0003\000.\0002\000\040\000g\000e\000t\000S\000t\000u\000d\000e\000n\000t\000I\000D\000\050\000\051}{subsection.5.6.3}% 74
\BOOKMARK [3][-]{subsubsection.5.6.3.3}{\376\377\0005\000.\0006\000.\0003\000.\0003\000\040\000g\000e\000t\000U\000C\000C\000o\000d\000e\000\050\000\051}{subsection.5.6.3}% 75
\BOOKMARK [3][-]{subsubsection.5.6.3.4}{\376\377\0005\000.\0006\000.\0003\000.\0004\000\040\000s\000e\000t\000C\000l\000a\000s\000s\000C\000o\000d\000e\000\050\000\051}{subsection.5.6.3}% 76
\BOOKMARK [3][-]{subsubsection.5.6.3.5}{\376\377\0005\000.\0006\000.\0003\000.\0005\000\040\000s\000e\000t\000S\000t\000u\000d\000e\000n\000t\000I\000D\000\050\000\051}{subsection.5.6.3}% 77
\BOOKMARK [3][-]{subsubsection.5.6.3.6}{\376\377\0005\000.\0006\000.\0003\000.\0006\000\040\000s\000e\000t\000U\000C\000C\000o\000d\000e\000\050\000\051}{subsection.5.6.3}% 78
\BOOKMARK [1][-]{section.5.7}{\376\377\0005\000.\0007\000\040\000R\000e\000q\000u\000e\000s\000t\000\040\000C\000l\000a\000s\000s\000\040\000R\000e\000f\000e\000r\000e\000n\000c\000e}{chapter.5}% 79
\BOOKMARK [2][-]{subsection.5.7.1}{\376\377\0005\000.\0007\000.\0001\000\040\000D\000e\000t\000a\000i\000l\000e\000d\000\040\000D\000e\000s\000c\000r\000i\000p\000t\000i\000o\000n}{section.5.7}% 80
\BOOKMARK [2][-]{subsection.5.7.2}{\376\377\0005\000.\0007\000.\0002\000\040\000C\000o\000n\000s\000t\000r\000u\000c\000t\000o\000r\000\040\000\046\000\040\000D\000e\000s\000t\000r\000u\000c\000t\000o\000r\000\040\000D\000o\000c\000u\000m\000e\000n\000t\000a\000t\000i\000o\000n}{section.5.7}% 81
\BOOKMARK [3][-]{subsubsection.5.7.2.1}{\376\377\0005\000.\0007\000.\0002\000.\0001\000\040\000R\000e\000q\000u\000e\000s\000t\000\050\000\051}{subsection.5.7.2}% 82
\BOOKMARK [2][-]{subsection.5.7.3}{\376\377\0005\000.\0007\000.\0003\000\040\000M\000e\000m\000b\000e\000r\000\040\000F\000u\000n\000c\000t\000i\000o\000n\000\040\000D\000o\000c\000u\000m\000e\000n\000t\000a\000t\000i\000o\000n}{section.5.7}% 83
\BOOKMARK [3][-]{subsubsection.5.7.3.1}{\376\377\0005\000.\0007\000.\0003\000.\0001\000\040\000g\000e\000t\000T\000y\000p\000e\000\050\000\051}{subsection.5.7.3}% 84
\BOOKMARK [1][-]{section.5.8}{\376\377\0005\000.\0008\000\040\000S\000c\000h\000e\000d\000u\000l\000e\000\040\000C\000l\000a\000s\000s\000\040\000R\000e\000f\000e\000r\000e\000n\000c\000e}{chapter.5}% 85
\BOOKMARK [2][-]{subsection.5.8.1}{\376\377\0005\000.\0008\000.\0001\000\040\000D\000e\000t\000a\000i\000l\000e\000d\000\040\000D\000e\000s\000c\000r\000i\000p\000t\000i\000o\000n}{section.5.8}% 86
\BOOKMARK [2][-]{subsection.5.8.2}{\376\377\0005\000.\0008\000.\0002\000\040\000C\000o\000n\000s\000t\000r\000u\000c\000t\000o\000r\000\040\000\046\000\040\000D\000e\000s\000t\000r\000u\000c\000t\000o\000r\000\040\000D\000o\000c\000u\000m\000e\000n\000t\000a\000t\000i\000o\000n}{section.5.8}% 87
\BOOKMARK [3][-]{subsubsection.5.8.2.1}{\376\377\0005\000.\0008\000.\0002\000.\0001\000\040\000S\000c\000h\000e\000d\000u\000l\000e\000\050\000\051}{subsection.5.8.2}% 88
\BOOKMARK [1][-]{section.5.9}{\376\377\0005\000.\0009\000\040\000S\000t\000u\000d\000e\000n\000t\000\040\000C\000l\000a\000s\000s\000\040\000R\000e\000f\000e\000r\000e\000n\000c\000e}{chapter.5}% 89
\BOOKMARK [2][-]{subsection.5.9.1}{\376\377\0005\000.\0009\000.\0001\000\040\000D\000e\000t\000a\000i\000l\000e\000d\000\040\000D\000e\000s\000c\000r\000i\000p\000t\000i\000o\000n}{section.5.9}% 90
\BOOKMARK [2][-]{subsection.5.9.2}{\376\377\0005\000.\0009\000.\0002\000\040\000C\000o\000n\000s\000t\000r\000u\000c\000t\000o\000r\000\040\000\046\000\040\000D\000e\000s\000t\000r\000u\000c\000t\000o\000r\000\040\000D\000o\000c\000u\000m\000e\000n\000t\000a\000t\000i\000o\000n}{section.5.9}% 91
\BOOKMARK [3][-]{subsubsection.5.9.2.1}{\376\377\0005\000.\0009\000.\0002\000.\0001\000\040\000S\000t\000u\000d\000e\000n\000t\000\050\000\051}{subsection.5.9.2}% 92
\BOOKMARK [2][-]{subsection.5.9.3}{\376\377\0005\000.\0009\000.\0003\000\040\000M\000e\000m\000b\000e\000r\000\040\000F\000u\000n\000c\000t\000i\000o\000n\000\040\000D\000o\000c\000u\000m\000e\000n\000t\000a\000t\000i\000o\000n}{section.5.9}% 93
\BOOKMARK [3][-]{subsubsection.5.9.3.1}{\376\377\0005\000.\0009\000.\0003\000.\0001\000\040\000a\000d\000d\000S\000t\000u\000d\000e\000n\000t\000G\000r\000o\000u\000p\000\050\000\051}{subsection.5.9.3}% 94
\BOOKMARK [3][-]{subsubsection.5.9.3.2}{\376\377\0005\000.\0009\000.\0003\000.\0002\000\040\000g\000e\000t\000N\000a\000m\000e\000\050\000\051}{subsection.5.9.3}% 95
\BOOKMARK [3][-]{subsubsection.5.9.3.3}{\376\377\0005\000.\0009\000.\0003\000.\0003\000\040\000g\000e\000t\000S\000t\000u\000d\000e\000n\000t\000G\000r\000o\000u\000p\000s\000\050\000\051}{subsection.5.9.3}% 96
\BOOKMARK [3][-]{subsubsection.5.9.3.4}{\376\377\0005\000.\0009\000.\0003\000.\0004\000\040\000g\000e\000t\000S\000t\000u\000d\000e\000n\000t\000I\000D\000\050\000\051}{subsection.5.9.3}% 97
\BOOKMARK [3][-]{subsubsection.5.9.3.5}{\376\377\0005\000.\0009\000.\0003\000.\0005\000\040\000i\000s\000I\000n\000C\000l\000a\000s\000s\000\050\000\051}{subsection.5.9.3}% 98
\BOOKMARK [3][-]{subsubsection.5.9.3.6}{\376\377\0005\000.\0009\000.\0003\000.\0006\000\040\000i\000s\000I\000n\000U\000C\000\050\000\051}{subsection.5.9.3}% 99
\BOOKMARK [3][-]{subsubsection.5.9.3.7}{\376\377\0005\000.\0009\000.\0003\000.\0007\000\040\000r\000e\000m\000o\000v\000e\000G\000r\000o\000u\000p\000\050\000\051}{subsection.5.9.3}% 100
\BOOKMARK [3][-]{subsubsection.5.9.3.8}{\376\377\0005\000.\0009\000.\0003\000.\0008\000\040\000s\000e\000t\000N\000a\000m\000e\000\050\000\051}{subsection.5.9.3}% 101
\BOOKMARK [3][-]{subsubsection.5.9.3.9}{\376\377\0005\000.\0009\000.\0003\000.\0009\000\040\000s\000e\000t\000S\000t\000u\000d\000e\000n\000t\000I\000D\000\050\000\051}{subsection.5.9.3}% 102
\BOOKMARK [1][-]{section.5.10}{\376\377\0005\000.\0001\0000\000\040\000s\000t\000u\000d\000e\000n\000t\000G\000r\000o\000u\000p\000\040\000C\000l\000a\000s\000s\000\040\000R\000e\000f\000e\000r\000e\000n\000c\000e}{chapter.5}% 103
\BOOKMARK [2][-]{subsection.5.10.1}{\376\377\0005\000.\0001\0000\000.\0001\000\040\000D\000e\000t\000a\000i\000l\000e\000d\000\040\000D\000e\000s\000c\000r\000i\000p\000t\000i\000o\000n}{section.5.10}% 104
\BOOKMARK [2][-]{subsection.5.10.2}{\376\377\0005\000.\0001\0000\000.\0002\000\040\000C\000o\000n\000s\000t\000r\000u\000c\000t\000o\000r\000\040\000\046\000\040\000D\000e\000s\000t\000r\000u\000c\000t\000o\000r\000\040\000D\000o\000c\000u\000m\000e\000n\000t\000a\000t\000i\000o\000n}{section.5.10}% 105
\BOOKMARK [3][-]{subsubsection.5.10.2.1}{\376\377\0005\000.\0001\0000\000.\0002\000.\0001\000\040\000s\000t\000u\000d\000e\000n\000t\000G\000r\000o\000u\000p\000\050\000\051}{subsection.5.10.2}% 106
\BOOKMARK [2][-]{subsection.5.10.3}{\376\377\0005\000.\0001\0000\000.\0003\000\040\000M\000e\000m\000b\000e\000r\000\040\000F\000u\000n\000c\000t\000i\000o\000n\000\040\000D\000o\000c\000u\000m\000e\000n\000t\000a\000t\000i\000o\000n}{section.5.10}% 107
\BOOKMARK [3][-]{subsubsection.5.10.3.1}{\376\377\0005\000.\0001\0000\000.\0003\000.\0001\000\040\000g\000e\000t\000C\000l\000a\000s\000s\000C\000o\000d\000e\000\050\000\051}{subsection.5.10.3}% 108
\BOOKMARK [3][-]{subsubsection.5.10.3.2}{\376\377\0005\000.\0001\0000\000.\0003\000.\0002\000\040\000g\000e\000t\000U\000c\000C\000o\000d\000e\000\050\000\051}{subsection.5.10.3}% 109
\BOOKMARK [1][-]{section.5.11}{\376\377\0005\000.\0001\0001\000\040\000S\000w\000i\000t\000c\000h\000R\000e\000q\000u\000e\000s\000t\000\040\000C\000l\000a\000s\000s\000\040\000R\000e\000f\000e\000r\000e\000n\000c\000e}{chapter.5}% 110
\BOOKMARK [2][-]{subsection.5.11.1}{\376\377\0005\000.\0001\0001\000.\0001\000\040\000D\000e\000t\000a\000i\000l\000e\000d\000\040\000D\000e\000s\000c\000r\000i\000p\000t\000i\000o\000n}{section.5.11}% 111
\BOOKMARK [2][-]{subsection.5.11.2}{\376\377\0005\000.\0001\0001\000.\0002\000\040\000C\000o\000n\000s\000t\000r\000u\000c\000t\000o\000r\000\040\000\046\000\040\000D\000e\000s\000t\000r\000u\000c\000t\000o\000r\000\040\000D\000o\000c\000u\000m\000e\000n\000t\000a\000t\000i\000o\000n}{section.5.11}% 112
\BOOKMARK [3][-]{subsubsection.5.11.2.1}{\376\377\0005\000.\0001\0001\000.\0002\000.\0001\000\040\000S\000w\000i\000t\000c\000h\000R\000e\000q\000u\000e\000s\000t\000\050\000\051}{subsection.5.11.2}% 113
\BOOKMARK [2][-]{subsection.5.11.3}{\376\377\0005\000.\0001\0001\000.\0003\000\040\000M\000e\000m\000b\000e\000r\000\040\000F\000u\000n\000c\000t\000i\000o\000n\000\040\000D\000o\000c\000u\000m\000e\000n\000t\000a\000t\000i\000o\000n}{section.5.11}% 114
\BOOKMARK [3][-]{subsubsection.5.11.3.1}{\376\377\0005\000.\0001\0001\000.\0003\000.\0001\000\040\000g\000e\000t\000C\000l\000a\000s\000s\000C\000o\000d\000e\0001\000\050\000\051}{subsection.5.11.3}% 115
\BOOKMARK [3][-]{subsubsection.5.11.3.2}{\376\377\0005\000.\0001\0001\000.\0003\000.\0002\000\040\000g\000e\000t\000C\000l\000a\000s\000s\000C\000o\000d\000e\0002\000\050\000\051}{subsection.5.11.3}% 116
\BOOKMARK [3][-]{subsubsection.5.11.3.3}{\376\377\0005\000.\0001\0001\000.\0003\000.\0003\000\040\000g\000e\000t\000S\000t\000u\000d\000e\000n\000t\000I\000D\000\050\000\051}{subsection.5.11.3}% 117
\BOOKMARK [3][-]{subsubsection.5.11.3.4}{\376\377\0005\000.\0001\0001\000.\0003\000.\0004\000\040\000g\000e\000t\000U\000C\000C\000o\000d\000e\0001\000\050\000\051}{subsection.5.11.3}% 118
\BOOKMARK [3][-]{subsubsection.5.11.3.5}{\376\377\0005\000.\0001\0001\000.\0003\000.\0005\000\040\000g\000e\000t\000U\000C\000C\000o\000d\000e\0002\000\050\000\051}{subsection.5.11.3}% 119
\BOOKMARK [0][-]{chapter.6}{\376\377\0006\000\040\000F\000i\000l\000e\000\040\000D\000o\000c\000u\000m\000e\000n\000t\000a\000t\000i\000o\000n}{}% 120
\BOOKMARK [1][-]{section.6.1}{\376\377\0006\000.\0001\000\040\000s\000r\000c\000/\000A\000d\000d\000R\000e\000q\000u\000e\000s\000t\000.\000h\000\040\000F\000i\000l\000e\000\040\000R\000e\000f\000e\000r\000e\000n\000c\000e}{chapter.6}% 121
\BOOKMARK [1][-]{section.6.2}{\376\377\0006\000.\0002\000\040\000A\000d\000d\000R\000e\000q\000u\000e\000s\000t\000.\000h}{chapter.6}% 122
\BOOKMARK [1][-]{section.6.3}{\376\377\0006\000.\0003\000\040\000s\000r\000c\000/\000C\000o\000n\000t\000r\000o\000l\000U\000n\000i\000t\000.\000h\000\040\000F\000i\000l\000e\000\040\000R\000e\000f\000e\000r\000e\000n\000c\000e}{chapter.6}% 123
\BOOKMARK [1][-]{section.6.4}{\376\377\0006\000.\0004\000\040\000C\000o\000n\000t\000r\000o\000l\000U\000n\000i\000t\000.\000h}{chapter.6}% 124
\BOOKMARK [1][-]{section.6.5}{\376\377\0006\000.\0005\000\040\000s\000r\000c\000/\000l\000e\000s\000s\000o\000n\000.\000h\000\040\000F\000i\000l\000e\000\040\000R\000e\000f\000e\000r\000e\000n\000c\000e}{chapter.6}% 125
\BOOKMARK [1][-]{section.6.6}{\376\377\0006\000.\0006\000\040\000l\000e\000s\000s\000o\000n\000.\000h}{chapter.6}% 126
\BOOKMARK [1][-]{section.6.7}{\376\377\0006\000.\0007\000\040\000s\000r\000c\000/\000l\000e\000s\000s\000o\000n\000t\000i\000m\000e\000.\000h\000\040\000F\000i\000l\000e\000\040\000R\000e\000f\000e\000r\000e\000n\000c\000e}{chapter.6}% 127
\BOOKMARK [1][-]{section.6.8}{\376\377\0006\000.\0008\000\040\000l\000e\000s\000s\000o\000n\000t\000i\000m\000e\000.\000h}{chapter.6}% 128
\BOOKMARK [1][-]{section.6.9}{\376\377\0006\000.\0009\000\040\000s\000r\000c\000/\000M\000e\000n\000u\000.\000h\000\040\000F\000i\000l\000e\000\040\000R\000e\000f\000e\000r\000e\000n\000c\000e}{chapter.6}% 129
\BOOKMARK [1][-]{section.6.10}{\376\377\0006\000.\0001\0000\000\040\000M\000e\000n\000u\000.\000h}{chapter.6}% 130
\BOOKMARK [1][-]{section.6.11}{\376\377\0006\000.\0001\0001\000\040\000s\000r\000c\000/\000R\000e\000m\000o\000v\000e\000R\000e\000q\000u\000e\000s\000t\000.\000h\000\040\000F\000i\000l\000e\000\040\000R\000e\000f\000e\000r\000e\000n\000c\000e}{chapter.6}% 131
\BOOKMARK [1][-]{section.6.12}{\376\377\0006\000.\0001\0002\000\040\000R\000e\000m\000o\000v\000e\000R\000e\000q\000u\000e\000s\000t\000.\000h}{chapter.6}% 132
\BOOKMARK [1][-]{section.6.13}{\376\377\0006\000.\0001\0003\000\040\000s\000r\000c\000/\000R\000e\000q\000u\000e\000s\000t\000.\000h\000\040\000F\000i\000l\000e\000\040\000R\000e\000f\000e\000r\000e\000n\000c\000e}{chapter.6}% 133
\BOOKMARK [1][-]{section.6.14}{\376\377\0006\000.\0001\0004\000\040\000R\000e\000q\000u\000e\000s\000t\000.\000h}{chapter.6}% 134
\BOOKMARK [1][-]{section.6.15}{\376\377\0006\000.\0001\0005\000\040\000s\000r\000c\000/\000S\000c\000h\000e\000d\000u\000l\000e\000.\000h\000\040\000F\000i\000l\000e\000\040\000R\000e\000f\000e\000r\000e\000n\000c\000e}{chapter.6}% 135
\BOOKMARK [1][-]{section.6.16}{\376\377\0006\000.\0001\0006\000\040\000S\000c\000h\000e\000d\000u\000l\000e\000.\000h}{chapter.6}% 136
\BOOKMARK [1][-]{section.6.17}{\376\377\0006\000.\0001\0007\000\040\000s\000r\000c\000/\000s\000t\000u\000d\000e\000n\000t\000.\000h\000\040\000F\000i\000l\000e\000\040\000R\000e\000f\000e\000r\000e\000n\000c\000e}{chapter.6}% 137
\BOOKMARK [1][-]{section.6.18}{\376\377\0006\000.\0001\0008\000\040\000s\000t\000u\000d\000e\000n\000t\000.\000h}{chapter.6}% 138
\BOOKMARK [1][-]{section.6.19}{\376\377\0006\000.\0001\0009\000\040\000s\000r\000c\000/\000s\000t\000u\000d\000e\000n\000t\000G\000r\000o\000u\000p\000.\000h\000\040\000F\000i\000l\000e\000\040\000R\000e\000f\000e\000r\000e\000n\000c\000e}{chapter.6}% 139
\BOOKMARK [1][-]{section.6.20}{\376\377\0006\000.\0002\0000\000\040\000s\000t\000u\000d\000e\000n\000t\000G\000r\000o\000u\000p\000.\000h}{chapter.6}% 140
\BOOKMARK [1][-]{section.6.21}{\376\377\0006\000.\0002\0001\000\040\000s\000r\000c\000/\000S\000w\000i\000t\000c\000h\000R\000e\000q\000u\000e\000s\000t\000.\000h\000\040\000F\000i\000l\000e\000\040\000R\000e\000f\000e\000r\000e\000n\000c\000e}{chapter.6}% 141
\BOOKMARK [1][-]{section.6.22}{\376\377\0006\000.\0002\0002\000\040\000S\000w\000i\000t\000c\000h\000R\000e\000q\000u\000e\000s\000t\000.\000h}{chapter.6}% 142
\BOOKMARK [0][-]{section*.27}{\376\377\000I\000n\000d\000e\000x}{}% 143
